-------------------------------------------------------------------------------
Test set: id.co.jasindo.mailservices.MailservicesApplicationTests
-------------------------------------------------------------------------------
Tests run: 1, Failures: 0, Errors: 1, Skipped: 0, Time elapsed: 28.862 s <<< FAILURE! - in id.co.jasindo.mailservices.MailservicesApplicationTests
contextLoads  Time elapsed: 0.003 s  <<< ERROR!
java.lang.IllegalStateException: Failed to load ApplicationContext
Caused by: org.springframework.beans.factory.BeanCreationException: Error creating bean with name 'swaggerWelcome' defined in class path resource [org/springdoc/webmvc/ui/SwaggerConfig.class]: Post-processing of merged bean definition failed; nested exception is java.lang.IllegalStateException: Failed to introspect Class [org.springdoc.webmvc.ui.SwaggerWelcome] from ClassLoader [sun.misc.Launcher$AppClassLoader@6bc7c054]
Caused by: java.lang.IllegalStateException: Failed to introspect Class [org.springdoc.webmvc.ui.SwaggerWelcome] from ClassLoader [sun.misc.Launcher$AppClassLoader@6bc7c054]
Caused by: java.lang.NoClassDefFoundError: javax/servlet/http/HttpServletRequest
Caused by: java.lang.ClassNotFoundException: javax.servlet.http.HttpServletRequest

